<?xml version="1.0" encoding="UTF-8"?>
<!-- Generated by org.testng.reporters.JUnitXMLReporter -->
<testsuite hostname="DESKTOP-QUAN6A7" name="Default test" tests="4" failures="0" timestamp="6 Jan 2021 08:21:43 GMT" time="1.38" errors="0">
  <testcase name="la_nouvelle_adresse_de_l_abonné_est_enregistrée_sur_l_ensemble_des_contrats_de_l_abonné" time="0.184" classname="mocked.ModificationAdresseMockTest"/>
  <testcase name="le_conseiller_modifie_l_adresse_de_l_abonné" time="0.068" classname="mocked.ModificationAdresseMockTest"/>
  <testcase name="un_abonné_avec_une_adresse_principale_en_france" time="0.003" classname="mocked.ModificationAdresseMockTest"/>
  <testcase name="un_mouvement_de_modification_d_adresse_est_créé_avec_la_nouvelle_adresse" time="0.029" classname="mocked.ModificationAdresseMockTest"/>
</testsuite> <!-- Default test -->
