<?xml version="1.0" encoding="UTF-8"?>
<!-- Generated by org.testng.reporters.JUnitXMLReporter -->
<testsuite hostname="DESKTOP-QUAN6A7" ignored="0" tests="4" failures="0" timestamp="2021-01-06T00:23:46 CET" time="1.315" errors="0">
  <testcase name="la_nouvelle_adresse_de_l_abonné_est_enregistrée_sur_l_ensemble_des_contrats_de_l_abonné" time="0.171" classname="ModificationAdresseMockTest"/>
  <testcase name="le_conseiller_modifie_l_adresse_de_l_abonné" time="0.041" classname="ModificationAdresseMockTest"/>
  <testcase name="un_abonné_avec_une_adresse_principale_en_france" time="0.003" classname="ModificationAdresseMockTest"/>
  <testcase name="un_mouvement_de_modification_d_adresse_est_créé_avec_la_nouvelle_adresse" time="0.028" classname="ModificationAdresseMockTest"/>
</testsuite>
